<?xml version="1.0" encoding="UTF-8"?>
<!-- Generated by org.testng.reporters.JUnitXMLReporter -->
<testsuite ignored="0" hostname="LAPTOP-7VN01D7S" failures="0" tests="3" name="Test" time="48.384" errors="0" timestamp="2024-06-02T21:38:52 IST">
  <testcase classname="demoTest.Tests.SubmitOrderTest" name="submitOrder" time="5.288"/>
  <testcase classname="demoTest.Tests.SubmitOrderTest" name="submitOrder" time="5.14"/>
  <testcase classname="demoTest.Tests.SubmitOrderTest" name="OrderHistoryTest" time="1.463"/>
</testsuite> <!-- Test -->
