<?xml version="1.0" encoding="UTF-8"?>
<testng-results ignored="0" total="3" passed="3" failed="0" skipped="0">
  <reporter-output>
  </reporter-output>
  <suite started-at="2024-06-02T21:38:03 IST" name="Suite" finished-at="2024-06-02T21:38:52 IST" duration-ms="48384">
    <groups>
      <group name="Purchase">
        <method signature="SubmitOrderTest.submitOrder(java.util.HashMap)[pri:0, instance:demoTest.Tests.SubmitOrderTest@1b1cfb87]" name="submitOrder" class="demoTest.Tests.SubmitOrderTest"/>
      </group> <!-- Purchase -->
    </groups>
    <test started-at="2024-06-02T21:38:03 IST" name="Test" finished-at="2024-06-02T21:38:52 IST" duration-ms="48384">
      <class name="demoTest.Tests.SubmitOrderTest">
        <test-method is-config="true" signature="launchApplication()[pri:0, instance:demoTest.Tests.SubmitOrderTest@1b1cfb87]" started-at="2024-06-02T21:38:04 IST" name="launchApplication" finished-at="2024-06-02T21:38:20 IST" duration-ms="16405" status="PASS">
          <reporter-output>
          </reporter-output>
        </test-method> <!-- launchApplication -->
        <test-method signature="submitOrder(java.util.HashMap)[pri:0, instance:demoTest.Tests.SubmitOrderTest@1b1cfb87]" started-at="2024-06-02T21:38:20 IST" name="submitOrder" data-provider="getData" finished-at="2024-06-02T21:38:25 IST" duration-ms="5288" status="PASS">
          <params>
            <param index="0">
              <value>
                <![CDATA[{password=Test@12345, product=ZARA COAT 3, email=testJun@gmail.com}]]>
              </value>
            </param>
          </params>
          <reporter-output>
          </reporter-output>
        </test-method> <!-- submitOrder -->
        <test-method is-config="true" signature="tearDown()[pri:0, instance:demoTest.Tests.SubmitOrderTest@1b1cfb87]" started-at="2024-06-02T21:38:25 IST" name="tearDown" finished-at="2024-06-02T21:38:26 IST" duration-ms="205" status="PASS">
          <reporter-output>
          </reporter-output>
        </test-method> <!-- tearDown -->
        <test-method is-config="true" signature="launchApplication()[pri:0, instance:demoTest.Tests.SubmitOrderTest@1b1cfb87]" started-at="2024-06-02T21:38:26 IST" name="launchApplication" finished-at="2024-06-02T21:38:35 IST" duration-ms="9261" status="PASS">
          <reporter-output>
          </reporter-output>
        </test-method> <!-- launchApplication -->
        <test-method signature="submitOrder(java.util.HashMap)[pri:0, instance:demoTest.Tests.SubmitOrderTest@1b1cfb87]" started-at="2024-06-02T21:38:35 IST" name="submitOrder" data-provider="getData" finished-at="2024-06-02T21:38:40 IST" duration-ms="5140" status="PASS">
          <params>
            <param index="0">
              <value>
                <![CDATA[{password=Test@12345, product=ADIDAS ORIGINAL, email=hoshi@test.com}]]>
              </value>
            </param>
          </params>
          <reporter-output>
          </reporter-output>
        </test-method> <!-- submitOrder -->
        <test-method is-config="true" signature="tearDown()[pri:0, instance:demoTest.Tests.SubmitOrderTest@1b1cfb87]" started-at="2024-06-02T21:38:40 IST" name="tearDown" finished-at="2024-06-02T21:38:40 IST" duration-ms="175" status="PASS">
          <reporter-output>
          </reporter-output>
        </test-method> <!-- tearDown -->
        <test-method is-config="true" signature="launchApplication()[pri:0, instance:demoTest.Tests.SubmitOrderTest@1b1cfb87]" started-at="2024-06-02T21:38:40 IST" name="launchApplication" finished-at="2024-06-02T21:38:50 IST" duration-ms="9916" status="PASS">
          <reporter-output>
          </reporter-output>
        </test-method> <!-- launchApplication -->
        <test-method signature="OrderHistoryTest()[pri:0, instance:demoTest.Tests.SubmitOrderTest@1b1cfb87]" started-at="2024-06-02T21:38:50 IST" name="OrderHistoryTest" finished-at="2024-06-02T21:38:51 IST" depends-on-methods="demoTest.Tests.SubmitOrderTest.submitOrder" duration-ms="1463" status="PASS">
          <reporter-output>
          </reporter-output>
        </test-method> <!-- OrderHistoryTest -->
        <test-method is-config="true" signature="tearDown()[pri:0, instance:demoTest.Tests.SubmitOrderTest@1b1cfb87]" started-at="2024-06-02T21:38:51 IST" name="tearDown" finished-at="2024-06-02T21:38:52 IST" duration-ms="162" status="PASS">
          <reporter-output>
          </reporter-output>
        </test-method> <!-- tearDown -->
      </class> <!-- demoTest.Tests.SubmitOrderTest -->
    </test> <!-- Test -->
  </suite> <!-- Suite -->
</testng-results>
